<?xml version="1.0" encoding="UTF-8"?>
<!-- Generated by org.testng.reporters.JUnitReportReporter -->
<testsuite hostname="DESKTOP-2DAF030" failures="0" tests="5" name="com.TestNG_Features.Ignore_Test" time="0.023" errors="0" timestamp="2022-02-06T14:17:27 IST" skipped="2">
  <testcase classname="com.TestNG_Features.Ignore_Test" name="tv" time="0.009"/>
  <system-out/>
  <testcase classname="com.TestNG_Features.Ignore_Test" name="smartWatch" time="0.003"/>
  <system-out/>
  <testcase classname="com.TestNG_Features.Ignore_Test" name="pendrive" time="0.011"/>
  <system-out/>
  <testcase classname="com.TestNG_Features.Ignore_Test" name="cycle">
    <skipped/>
  </testcase> <!-- cycle -->
  <system-out/>
  <testcase classname="com.TestNG_Features.Ignore_Test" name="asusMobile">
    <skipped/>
  </testcase> <!-- asusMobile -->
  <system-out/>
</testsuite> <!-- com.TestNG_Features.Ignore_Test -->
