<?xml version="1.0" encoding="UTF-8"?>
<!-- Generated by org.testng.reporters.JUnitReportReporter -->
<testsuite hostname="DESKTOP-2DAF030" failures="0" tests="3" name="CompayName_Maven.Specific_Proj_Name.Sample_TestNG_Task" time="0.015" errors="0" timestamp="2022-01-31T15:11:27 IST" skipped="0">
  <testcase classname="CompayName_Maven.Specific_Proj_Name.Sample_TestNG_Task" name="search_laptop" time="0.003"/>
  <system-out/>
  <testcase classname="CompayName_Maven.Specific_Proj_Name.Sample_TestNG_Task" name="search_mobile" time="0.002"/>
  <system-out/>
  <testcase classname="CompayName_Maven.Specific_Proj_Name.Sample_TestNG_Task" name="search_headphone" time="0.010"/>
  <system-out/>
</testsuite> <!-- CompayName_Maven.Specific_Proj_Name.Sample_TestNG_Task -->
