<?xml version="1.0" encoding="UTF-8"?>
<!-- Generated by org.testng.reporters.JUnitReportReporter -->
<testsuite hostname="DESKTOP-2DAF030" failures="0" tests="2" name="com.AllTestNG_Functions.Cross_Browser_Test" time="121.516" errors="0" timestamp="2022-02-06T22:05:13 IST" skipped="0">
  <testcase classname="com.AllTestNG_Functions.Cross_Browser_Test" name="edgeBrowser_Amazon" time="66.904"/>
  <system-out/>
  <testcase classname="com.AllTestNG_Functions.Cross_Browser_Test" name="chrome_Amazon" time="54.612"/>
  <system-out/>
</testsuite> <!-- com.AllTestNG_Functions.Cross_Browser_Test -->
