<?xml version="1.0" encoding="UTF-8"?>
<!-- Generated by org.testng.reporters.JUnitReportReporter -->
<testsuite hostname="DESKTOP-2DAF030" failures="0" tests="12" name="com.AllTestNG_Functions.InvocationCount" time="0.050" errors="0" timestamp="2022-02-06T22:59:43 IST" skipped="0">
  <testcase classname="com.AllTestNG_Functions.InvocationCount" name="mobile" time="0.007"/>
  <system-out/>
  <testcase classname="com.AllTestNG_Functions.InvocationCount" name="mobile" time="0.003"/>
  <system-out/>
  <testcase classname="com.AllTestNG_Functions.InvocationCount" name="mobile" time="0.010"/>
  <system-out/>
  <testcase classname="com.AllTestNG_Functions.InvocationCount" name="clothings" time="0.003"/>
  <system-out/>
  <testcase classname="com.AllTestNG_Functions.InvocationCount" name="mobile" time="0.002"/>
  <system-out/>
  <testcase classname="com.AllTestNG_Functions.InvocationCount" name="mobile" time="0.004"/>
  <system-out/>
  <testcase classname="com.AllTestNG_Functions.InvocationCount" name="laptop" time="0.002"/>
  <system-out/>
  <testcase classname="com.AllTestNG_Functions.InvocationCount" name="mobile" time="0.007"/>
  <system-out/>
  <testcase classname="com.AllTestNG_Functions.InvocationCount" name="mobile" time="0.003"/>
  <system-out/>
  <testcase classname="com.AllTestNG_Functions.InvocationCount" name="laptop" time="0.002"/>
  <system-out/>
  <testcase classname="com.AllTestNG_Functions.InvocationCount" name="laptop" time="0.003"/>
  <system-out/>
  <testcase classname="com.AllTestNG_Functions.InvocationCount" name="clothings" time="0.004"/>
  <system-out/>
</testsuite> <!-- com.AllTestNG_Functions.InvocationCount -->
