<?xml version="1.0" encoding="UTF-8"?>
<!-- Generated by org.testng.reporters.JUnitReportReporter -->
<testsuite hostname="DESKTOP-2DAF030" failures="0" tests="3" name="com.AllTestNG_Functions.Parallel_Test" time="85.446" errors="0" timestamp="2022-02-06T22:59:42 IST" skipped="0">
  <testcase classname="com.AllTestNG_Functions.Parallel_Test" name="flipkartShoping" time="27.433"/>
  <system-out/>
  <testcase classname="com.AllTestNG_Functions.Parallel_Test" name="amazonShoping" time="14.556"/>
  <system-out/>
  <testcase classname="com.AllTestNG_Functions.Parallel_Test" name="myntra" time="43.457"/>
  <system-out/>
</testsuite> <!-- com.AllTestNG_Functions.Parallel_Test -->
