<?xml version="1.0" encoding="UTF-8"?>
<!-- Generated by org.testng.reporters.JUnitReportReporter -->
<testsuite hostname="DESKTOP-2DAF030" failures="0" tests="5" name="com.AllTestNG_Functions.Simple_Annotations" time="0.043" errors="0" timestamp="2022-02-06T22:59:43 IST" skipped="0">
  <testcase classname="com.AllTestNG_Functions.Simple_Annotations" name="Tv_Search" time="0.010"/>
  <system-out/>
  <testcase classname="com.AllTestNG_Functions.Simple_Annotations" name="cycle_Search" time="0.005"/>
  <system-out/>
  <testcase classname="com.AllTestNG_Functions.Simple_Annotations" name="laptop_Search" time="0.009"/>
  <system-out/>
  <testcase classname="com.AllTestNG_Functions.Simple_Annotations" name="mobile_Search" time="0.015"/>
  <system-out/>
  <testcase classname="com.AllTestNG_Functions.Simple_Annotations" name="earPhone_Search" time="0.004"/>
  <system-out/>
</testsuite> <!-- com.AllTestNG_Functions.Simple_Annotations -->
