<?xml version="1.0" encoding="UTF-8"?>
<!-- Generated by org.testng.reporters.JUnitReportReporter -->
<testsuite hostname="DESKTOP-2DAF030" failures="0" tests="3" name="com.AllTestNG_Functions.DemoTest" time="0.021" errors="0" timestamp="2022-02-06T15:29:39 IST" skipped="1">
  <testcase classname="com.AllTestNG_Functions.DemoTest" name="method3" time="0.003"/>
  <system-out/>
  <testcase classname="com.AllTestNG_Functions.DemoTest" name="method2" time="0.018"/>
  <system-out/>
  <testcase classname="com.AllTestNG_Functions.DemoTest" name="method1">
    <skipped/>
  </testcase> <!-- method1 -->
  <system-out/>
</testsuite> <!-- com.AllTestNG_Functions.DemoTest -->
