<?xml version="1.0" encoding="UTF-8"?>
<!-- Generated by org.testng.reporters.JUnitReportReporter -->
<testsuite hostname="DESKTOP-2DAF030" failures="0" tests="9" name="com.AllTestNG_Functions.Grouping_Test" time="0.034" errors="0" timestamp="2022-02-06T22:59:43 IST" skipped="0">
  <testcase classname="com.AllTestNG_Functions.Grouping_Test" name="cycle" time="0.004"/>
  <system-out/>
  <testcase classname="com.AllTestNG_Functions.Grouping_Test" name="tv" time="0.001"/>
  <system-out/>
  <testcase classname="com.AllTestNG_Functions.Grouping_Test" name="pendrive" time="0.002"/>
  <system-out/>
  <testcase classname="com.AllTestNG_Functions.Grouping_Test" name="hardDisk" time="0.002"/>
  <system-out/>
  <testcase classname="com.AllTestNG_Functions.Grouping_Test" name="washingMachine" time="0.004"/>
  <system-out/>
  <testcase classname="com.AllTestNG_Functions.Grouping_Test" name="zebronics_Speakers" time="0.006"/>
  <system-out/>
  <testcase classname="com.AllTestNG_Functions.Grouping_Test" name="laptop" time="0.003"/>
  <system-out/>
  <testcase classname="com.AllTestNG_Functions.Grouping_Test" name="smartWatch" time="0.004"/>
  <system-out/>
  <testcase classname="com.AllTestNG_Functions.Grouping_Test" name="asusMobile" time="0.008"/>
  <system-out/>
</testsuite> <!-- com.AllTestNG_Functions.Grouping_Test -->
