<?xml version="1.0" encoding="UTF-8"?>
<!-- Generated by org.testng.reporters.JUnitReportReporter -->
<testsuite hostname="DESKTOP-2DAF030" failures="0" tests="10" name="com.TestNG.org.TestNG_Flipkart_Task" time="58.911" errors="0" timestamp="2022-02-07T13:12:54 IST" skipped="0">
  <testcase classname="com.TestNG.org.TestNG_Flipkart_Task" name="television" time="3.674"/>
  <system-out/>
  <testcase classname="com.TestNG.org.TestNG_Flipkart_Task" name="electricCycle" time="3.795"/>
  <system-out/>
  <testcase classname="com.TestNG.org.TestNG_Flipkart_Task" name="laptopSearch" time="3.502"/>
  <system-out/>
  <testcase classname="com.TestNG.org.TestNG_Flipkart_Task" name="mobileSearch" time="3.544"/>
  <system-out/>
  <testcase classname="com.TestNG.org.TestNG_Flipkart_Task" name="vaccumCleaner" time="3.796"/>
  <system-out/>
  <testcase classname="com.TestNG.org.TestNG_Flipkart_Task" name="earPhone" time="25.633"/>
  <system-out/>
  <testcase classname="com.TestNG.org.TestNG_Flipkart_Task" name="sportShoes" time="3.472"/>
  <system-out/>
  <testcase classname="com.TestNG.org.TestNG_Flipkart_Task" name="soundBar" time="3.595"/>
  <system-out/>
  <testcase classname="com.TestNG.org.TestNG_Flipkart_Task" name="smartWatch" time="3.590"/>
  <system-out/>
  <testcase classname="com.TestNG.org.TestNG_Flipkart_Task" name="airConditioner" time="4.310"/>
  <system-out/>
</testsuite> <!-- com.TestNG.org.TestNG_Flipkart_Task -->
