<?xml version="1.0" encoding="UTF-8"?>
<!-- Generated by org.testng.reporters.JUnitReportReporter -->
<testsuite hostname="DESKTOP-2DAF030" failures="0" tests="1" name="com.AllTestNG_Functions.Ignore1" time="0.012" errors="0" timestamp="2022-02-06T10:26:38 IST" skipped="0">
  <testcase classname="com.AllTestNG_Functions.Ignore1" name="laptop" time="0.012"/>
  <system-out/>
</testsuite> <!-- com.AllTestNG_Functions.Ignore1 -->
