<?xml version="1.0" encoding="UTF-8"?>
<!-- Generated by org.testng.reporters.JUnitReportReporter -->
<testsuite hostname="DESKTOP-2DAF030" failures="0" tests="9" name="com.AllTestNG_Functions.Ignore_TestNG" time="0.029" errors="0" timestamp="2022-02-06T22:59:42 IST" skipped="2">
  <testcase classname="com.AllTestNG_Functions.Ignore_TestNG" name="zebronics_Speakers" time="0.003"/>
  <system-out/>
  <testcase classname="com.AllTestNG_Functions.Ignore_TestNG" name="smartWatch" time="0.003"/>
  <system-out/>
  <testcase classname="com.AllTestNG_Functions.Ignore_TestNG" name="wallet" time="0.003"/>
  <system-out/>
  <testcase classname="com.AllTestNG_Functions.Ignore_TestNG" name="hardDisk" time="0.007"/>
  <system-out/>
  <testcase classname="com.AllTestNG_Functions.Ignore_TestNG" name="pendrive" time="0.002"/>
  <system-out/>
  <testcase classname="com.AllTestNG_Functions.Ignore_TestNG" name="tv" time="0.002"/>
  <system-out/>
  <testcase classname="com.AllTestNG_Functions.Ignore_TestNG" name="laptop" time="0.009"/>
  <system-out/>
  <testcase classname="com.AllTestNG_Functions.Ignore_TestNG" name="asusMobile">
    <skipped/>
  </testcase> <!-- asusMobile -->
  <system-out/>
  <testcase classname="com.AllTestNG_Functions.Ignore_TestNG" name="cycle">
    <skipped/>
  </testcase> <!-- cycle -->
  <system-out/>
</testsuite> <!-- com.AllTestNG_Functions.Ignore_TestNG -->
