<?xml version="1.0" encoding="UTF-8"?>
<!-- Generated by org.testng.reporters.JUnitReportReporter -->
<testsuite hostname="DESKTOP-2DAF030" failures="0" tests="3" name="com.AllTestNG_Functions.ExceptionTest" time="0.013" errors="0" timestamp="2022-02-06T22:59:43 IST" skipped="0">
  <testcase classname="com.AllTestNG_Functions.ExceptionTest" name="div" time="0.002"/>
  <system-out/>
  <testcase classname="com.AllTestNG_Functions.ExceptionTest" name="multi" time="0.008"/>
  <system-out/>
  <testcase classname="com.AllTestNG_Functions.ExceptionTest" name="add" time="0.003"/>
  <system-out/>
</testsuite> <!-- com.AllTestNG_Functions.ExceptionTest -->
