<?xml version="1.0" encoding="UTF-8"?>
<!-- Generated by org.testng.reporters.JUnitReportReporter -->
<testsuite hostname="DESKTOP-2DAF030" failures="0" tests="1" name="com.AllTestNG_Functions.Hard_Assert" time="14.406" errors="0" timestamp="09 Feb 2022 18:10:55 GMT" skipped="0">
  <testcase classname="com.AllTestNG_Functions.Hard_Assert" name="hardAssertfunction" time="14.406"/>
</testsuite> <!-- com.AllTestNG_Functions.Hard_Assert -->
