<?xml version="1.0" encoding="UTF-8"?>
<!-- Generated by org.testng.reporters.JUnitReportReporter -->
<testsuite hostname="DESKTOP-2DAF030" failures="0" tests="5" name="com.AllTestNG_Functions.TestNG_Annotations" time="0.042" errors="0" timestamp="2022-02-05T18:32:57 IST" skipped="0">
  <testcase classname="com.AllTestNG_Functions.TestNG_Annotations" name="cycle_Search" time="0.005"/>
  <system-out/>
  <testcase classname="com.AllTestNG_Functions.TestNG_Annotations" name="mobile_Search" time="0.008"/>
  <system-out/>
  <testcase classname="com.AllTestNG_Functions.TestNG_Annotations" name="Tv_Search" time="0.011"/>
  <system-out/>
  <testcase classname="com.AllTestNG_Functions.TestNG_Annotations" name="earPhone_Search" time="0.011"/>
  <system-out/>
  <testcase classname="com.AllTestNG_Functions.TestNG_Annotations" name="laptop_Search" time="0.007"/>
  <system-out/>
</testsuite> <!-- com.AllTestNG_Functions.TestNG_Annotations -->
