<?xml version="1.0" encoding="UTF-8"?>
<!-- Generated by org.testng.reporters.JUnitReportReporter -->
<testsuite hostname="DESKTOP-2DAF030" failures="0" tests="2" name="com.AllTestNG_Functions.TimeOut" time="3.034" errors="0" timestamp="2022-02-06T22:59:43 IST" skipped="0">
  <testcase classname="com.AllTestNG_Functions.TimeOut" name="watch" time="2.004"/>
  <system-out/>
  <testcase classname="com.AllTestNG_Functions.TimeOut" name="earPhone" time="1.030"/>
  <system-out/>
</testsuite> <!-- com.AllTestNG_Functions.TimeOut -->
