<?xml version="1.0" encoding="UTF-8"?>
<!-- Generated by org.testng.reporters.JUnitReportReporter -->
<testsuite hostname="DESKTOP-2DAF030" failures="0" tests="1" name="TestNG_Com.MavenProject.Demo_TestNG_1" time="0.023" errors="0" timestamp="2022-01-31T15:34:39 IST" skipped="0">
  <testcase classname="TestNG_Com.MavenProject.Demo_TestNG_1" name="mobile" time="0.023"/>
  <system-out/>
</testsuite> <!-- TestNG_Com.MavenProject.Demo_TestNG_1 -->
